<?xml version="1.0" encoding="UTF-8"?>
<!-- Generated by org.testng.reporters.JUnitXMLReporter -->
<testsuite hostname="DESKTOP-S5UNGIC" ignored="0" name="Free CRM App Test Cases" tests="8" failures="0" timestamp="2021-07-15T13:53:33 IST" time="127.903" errors="0">
  <testcase name="validateLoginPageTitle" time="0.041" classname="com.crm.qa.testcases.LoginPageTest"/>
  <testcase name="validateloginTest" time="5.146" classname="com.crm.qa.testcases.LoginPageTest"/>
  <testcase name="verifyHomePageTitle" time="0.01" classname="com.crm.qa.testcases.HomePageTest"/>
  <testcase name="validateUserName" time="0.177" classname="com.crm.qa.testcases.HomePageTest"/>
  <testcase name="clickOnContactsLink" time="1.946" classname="com.crm.qa.testcases.HomePageTest"/>
  <testcase name="validatecCreateNewContact" time="4.25" classname="com.crm.qa.testcases.ContactPageTest"/>
  <testcase name="validatecCreateNewContact" time="4.096" classname="com.crm.qa.testcases.ContactPageTest"/>
  <testcase name="validatecCreateNewContact" time="4.806" classname="com.crm.qa.testcases.ContactPageTest"/>
</testsuite> <!-- Free CRM App Test Cases -->
