<?xml version="1.0" encoding="UTF-8"?>
<testsuite xmlns:xsi="http://www.w3.org/2001/XMLSchema-instance" xsi:noNamespaceSchemaLocation="https://maven.apache.org/surefire/maven-surefire-plugin/xsd/surefire-test-report.xsd" name="TestSuite" time="702.391" tests="12" errors="0" skipped="5" failures="1">
  <properties>
[...]
</properties>
  <testcase name="validatecCreateNewContact" classname="com.crm.qa.testcases.ContactPageTest" time="4.296"/>
  <testcase name="validatecCreateNewContact" classname="com.crm.qa.testcases.ContactPageTest" time="3.898"/>
  <testcase name="validatecCreateNewContact" classname="com.crm.qa.testcases.ContactPageTest" time="4.255"/>
  <testcase name="verifyHomePageTitle" classname="com.crm.qa.testcases.HomePageTest" time="0.009"/>
  <testcase name="setUp" classname="com.crm.qa.testcases.HomePageTest" time="603.002">
    <failure message="session not created&#10;from timeout: Timed out receiving message from renderer: 600.000&#10;  (Session info: chrome=91.0.4472.124)&#10;Build info: version: &apos;3.141.59&apos;, revision: &apos;e82be7d358&apos;, time: &apos;2018-11-14T08:17:03&apos;&#10;System info: host: &apos;DESKTOP-S5UNGIC&apos;, ip: &apos;192.168.29.135&apos;, os.name: &apos;Windows 10&apos;, os.arch: &apos;amd64&apos;, os.version: &apos;10.0&apos;, java.version: &apos;1.8.0_221&apos;&#10;Driver info: driver.version: ChromeDriver&#10;remote stacktrace: Backtrace:&#10;	Ordinal0 [0x00313733+2504499]&#10;	Ordinal0 [0x002AC401+2081793]&#10;	Ordinal0 [0x001B2628+1058344]&#10;	Ordinal0 [0x001A4EBF+1003199]&#10;	Ordinal0 [0x001A3EF9+999161]&#10;	Ordinal0 [0x001A41B6+999862]&#10;	Ordinal0 [0x001A3AA5+998053]&#10;	Ordinal0 [0x001AA6DD+1025757]&#10;	Ordinal0 [0x001A3A61+997985]&#10;	Ordinal0 [0x001A4986+1001862]&#10;	Ordinal0 [0x001A3EF9+999161]&#10;	Ordinal0 [0x001A41B6+999862]&#10;	Ordinal0 [0x001A3AA5+998053]&#10;	Ordinal0 [0x001A990C+1022220]&#10;	Ordinal0 [0x001A3A61+997985]&#10;	Ordinal0 [0x001A4986+1001862]&#10;	Ordinal0 [0x001A3EF9+999161]&#10;	Ordinal0 [0x001A41B6+999862]&#10;	Ordinal0 [0x001A3AA5+998053]&#10;	Ordinal0 [0x0019F5DD+980445]&#10;	Ordinal0 [0x001A3A61+997985]&#10;	Ordinal0 [0x001A3800+997376]&#10;	Ordinal0 [0x001A3599+996761]&#10;	Ordinal0 [0x001B3830+1062960]&#10;	Ordinal0 [0x001FABB9+1354681]&#10;	Ordinal0 [0x001F97DA+1349594]&#10;	Ordinal0 [0x001F5D4B+1334603]&#10;	Ordinal0 [0x001D22B4+1188532]&#10;	Ordinal0 [0x001D3149+1192265]&#10;	GetHandleVerifier [0x0048FB8C+1512252]&#10;	GetHandleVerifier [0x0053B0DF+2214031]&#10;	GetHandleVerifier [0x00394BC3+484211]&#10;	GetHandleVerifier [0x00393E69+480793]&#10;	Ordinal0 [0x002B218D+2105741]&#10;	Ordinal0 [0x002B66E8+2123496]&#10;	Ordinal0 [0x002B6827+2123815]&#10;	Ordinal0 [0x002BFB73+2161523]&#10;	BaseThreadInitThunk [0x75B9FA29+25]&#10;	RtlGetAppContainerNamedObjectPath [0x77B87A7E+286]&#10;	RtlGetAppContainerNamedObjectPath [0x77B87A4E+238]&#10;	(No symbol) [0x00000000]&#10;" type="org.openqa.selenium.SessionNotCreatedException">org.openqa.selenium.SessionNotCreatedException: 
session not created
from timeout: Timed out receiving message from renderer: 600.000
  (Session info: chrome=91.0.4472.124)
Build info: version: '3.141.59', revision: 'e82be7d358', time: '2018-11-14T08:17:03'
System info: host: 'DESKTOP-S5UNGIC', ip: '192.168.29.135', os.name: 'Windows 10', os.arch: 'amd64', os.version: '10.0', java.version: '1.8.0_221'
Driver info: driver.version: ChromeDriver
remote stacktrace: Backtrace:
	Ordinal0 [0x00313733+2504499]
	Ordinal0 [0x002AC401+2081793]
	Ordinal0 [0x001B2628+1058344]
	Ordinal0 [0x001A4EBF+1003199]
	Ordinal0 [0x001A3EF9+999161]
	Ordinal0 [0x001A41B6+999862]
	Ordinal0 [0x001A3AA5+998053]
	Ordinal0 [0x001AA6DD+1025757]
	Ordinal0 [0x001A3A61+997985]
	Ordinal0 [0x001A4986+1001862]
	Ordinal0 [0x001A3EF9+999161]
	Ordinal0 [0x001A41B6+999862]
	Ordinal0 [0x001A3AA5+998053]
	Ordinal0 [0x001A990C+1022220]
	Ordinal0 [0x001A3A61+997985]
	Ordinal0 [0x001A4986+1001862]
	Ordinal0 [0x001A3EF9+999161]
	Ordinal0 [0x001A41B6+999862]
	Ordinal0 [0x001A3AA5+998053]
	Ordinal0 [0x0019F5DD+980445]
	Ordinal0 [0x001A3A61+997985]
	Ordinal0 [0x001A3800+997376]
	Ordinal0 [0x001A3599+996761]
	Ordinal0 [0x001B3830+1062960]
	Ordinal0 [0x001FABB9+1354681]
	Ordinal0 [0x001F97DA+1349594]
	Ordinal0 [0x001F5D4B+1334603]
	Ordinal0 [0x001D22B4+1188532]
	Ordinal0 [0x001D3149+1192265]
	GetHandleVerifier [0x0048FB8C+1512252]
	GetHandleVerifier [0x0053B0DF+2214031]
	GetHandleVerifier [0x00394BC3+484211]
	GetHandleVerifier [0x00393E69+480793]
	Ordinal0 [0x002B218D+2105741]
	Ordinal0 [0x002B66E8+2123496]
	Ordinal0 [0x002B6827+2123815]
	Ordinal0 [0x002BFB73+2161523]
	BaseThreadInitThunk [0x75B9FA29+25]
	RtlGetAppContainerNamedObjectPath [0x77B87A7E+286]
	RtlGetAppContainerNamedObjectPath [0x77B87A4E+238]
	(No symbol) [0x00000000]

	at com.crm.qa.testcases.HomePageTest.setUp(HomePageTest.java:30)
</failure>
    <system-err><![CDATA[Starting ChromeDriver 91.0.4472.101 (af52a90bf87030dd1523486a1cd3ae25c5d76c9b-refs/branch-heads/4472@{#1462}) on port 18248
Only local connections are allowed.
Please see https://chromedriver.chromium.org/security-considerations for suggestions on keeping ChromeDriver safe.
ChromeDriver was started successfully.
[1626334233.203][SEVERE]: Timed out receiving message from renderer: 600.000
]]></system-err>
  </testcase>
  <testcase name="setUp" classname="com.crm.qa.testcases.HomePageTest" time="0">
    <skipped/>
  </testcase>
  <testcase name="validateUserName" classname="com.crm.qa.testcases.HomePageTest" time="0">
    <skipped message="session not created&#10;from timeout: Timed out receiving message from renderer: 600.000&#10;  (Session info: chrome=91.0.4472.124)&#10;Build info: version: &apos;3.141.59&apos;, revision: &apos;e82be7d358&apos;, time: &apos;2018-11-14T08:17:03&apos;&#10;System info: host: &apos;DESKTOP-S5UNGIC&apos;, ip: &apos;192.168.29.135&apos;, os.name: &apos;Windows 10&apos;, os.arch: &apos;amd64&apos;, os.version: &apos;10.0&apos;, java.version: &apos;1.8.0_221&apos;&#10;Driver info: driver.version: ChromeDriver&#10;remote stacktrace: Backtrace:&#10;	Ordinal0 [0x00313733+2504499]&#10;	Ordinal0 [0x002AC401+2081793]&#10;	Ordinal0 [0x001B2628+1058344]&#10;	Ordinal0 [0x001A4EBF+1003199]&#10;	Ordinal0 [0x001A3EF9+999161]&#10;	Ordinal0 [0x001A41B6+999862]&#10;	Ordinal0 [0x001A3AA5+998053]&#10;	Ordinal0 [0x001AA6DD+1025757]&#10;	Ordinal0 [0x001A3A61+997985]&#10;	Ordinal0 [0x001A4986+1001862]&#10;	Ordinal0 [0x001A3EF9+999161]&#10;	Ordinal0 [0x001A41B6+999862]&#10;	Ordinal0 [0x001A3AA5+998053]&#10;	Ordinal0 [0x001A990C+1022220]&#10;	Ordinal0 [0x001A3A61+997985]&#10;	Ordinal0 [0x001A4986+1001862]&#10;	Ordinal0 [0x001A3EF9+999161]&#10;	Ordinal0 [0x001A41B6+999862]&#10;	Ordinal0 [0x001A3AA5+998053]&#10;	Ordinal0 [0x0019F5DD+980445]&#10;	Ordinal0 [0x001A3A61+997985]&#10;	Ordinal0 [0x001A3800+997376]&#10;	Ordinal0 [0x001A3599+996761]&#10;	Ordinal0 [0x001B3830+1062960]&#10;	Ordinal0 [0x001FABB9+1354681]&#10;	Ordinal0 [0x001F97DA+1349594]&#10;	Ordinal0 [0x001F5D4B+1334603]&#10;	Ordinal0 [0x001D22B4+1188532]&#10;	Ordinal0 [0x001D3149+1192265]&#10;	GetHandleVerifier [0x0048FB8C+1512252]&#10;	GetHandleVerifier [0x0053B0DF+2214031]&#10;	GetHandleVerifier [0x00394BC3+484211]&#10;	GetHandleVerifier [0x00393E69+480793]&#10;	Ordinal0 [0x002B218D+2105741]&#10;	Ordinal0 [0x002B66E8+2123496]&#10;	Ordinal0 [0x002B6827+2123815]&#10;	Ordinal0 [0x002BFB73+2161523]&#10;	BaseThreadInitThunk [0x75B9FA29+25]&#10;	RtlGetAppContainerNamedObjectPath [0x77B87A7E+286]&#10;	RtlGetAppContainerNamedObjectPath [0x77B87A4E+238]&#10;	(No symbol) [0x00000000]&#10;"/>
  </testcase>
  <testcase name="tearDown" classname="com.crm.qa.testcases.HomePageTest" time="0">
    <skipped/>
  </testcase>
  <testcase name="tearDown" classname="com.crm.qa.testcases.HomePageTest" time="0">
    <skipped/>
  </testcase>
  <testcase name="clickOnContactsLink" classname="com.crm.qa.testcases.HomePageTest" time="0">
    <skipped message="session not created&#10;from timeout: Timed out receiving message from renderer: 600.000&#10;  (Session info: chrome=91.0.4472.124)&#10;Build info: version: &apos;3.141.59&apos;, revision: &apos;e82be7d358&apos;, time: &apos;2018-11-14T08:17:03&apos;&#10;System info: host: &apos;DESKTOP-S5UNGIC&apos;, ip: &apos;192.168.29.135&apos;, os.name: &apos;Windows 10&apos;, os.arch: &apos;amd64&apos;, os.version: &apos;10.0&apos;, java.version: &apos;1.8.0_221&apos;&#10;Driver info: driver.version: ChromeDriver&#10;remote stacktrace: Backtrace:&#10;	Ordinal0 [0x00313733+2504499]&#10;	Ordinal0 [0x002AC401+2081793]&#10;	Ordinal0 [0x001B2628+1058344]&#10;	Ordinal0 [0x001A4EBF+1003199]&#10;	Ordinal0 [0x001A3EF9+999161]&#10;	Ordinal0 [0x001A41B6+999862]&#10;	Ordinal0 [0x001A3AA5+998053]&#10;	Ordinal0 [0x001AA6DD+1025757]&#10;	Ordinal0 [0x001A3A61+997985]&#10;	Ordinal0 [0x001A4986+1001862]&#10;	Ordinal0 [0x001A3EF9+999161]&#10;	Ordinal0 [0x001A41B6+999862]&#10;	Ordinal0 [0x001A3AA5+998053]&#10;	Ordinal0 [0x001A990C+1022220]&#10;	Ordinal0 [0x001A3A61+997985]&#10;	Ordinal0 [0x001A4986+1001862]&#10;	Ordinal0 [0x001A3EF9+999161]&#10;	Ordinal0 [0x001A41B6+999862]&#10;	Ordinal0 [0x001A3AA5+998053]&#10;	Ordinal0 [0x0019F5DD+980445]&#10;	Ordinal0 [0x001A3A61+997985]&#10;	Ordinal0 [0x001A3800+997376]&#10;	Ordinal0 [0x001A3599+996761]&#10;	Ordinal0 [0x001B3830+1062960]&#10;	Ordinal0 [0x001FABB9+1354681]&#10;	Ordinal0 [0x001F97DA+1349594]&#10;	Ordinal0 [0x001F5D4B+1334603]&#10;	Ordinal0 [0x001D22B4+1188532]&#10;	Ordinal0 [0x001D3149+1192265]&#10;	GetHandleVerifier [0x0048FB8C+1512252]&#10;	GetHandleVerifier [0x0053B0DF+2214031]&#10;	GetHandleVerifier [0x00394BC3+484211]&#10;	GetHandleVerifier [0x00393E69+480793]&#10;	Ordinal0 [0x002B218D+2105741]&#10;	Ordinal0 [0x002B66E8+2123496]&#10;	Ordinal0 [0x002B6827+2123815]&#10;	Ordinal0 [0x002BFB73+2161523]&#10;	BaseThreadInitThunk [0x75B9FA29+25]&#10;	RtlGetAppContainerNamedObjectPath [0x77B87A7E+286]&#10;	RtlGetAppContainerNamedObjectPath [0x77B87A4E+238]&#10;	(No symbol) [0x00000000]&#10;"/>
  </testcase>
  <testcase name="validateLoginPageTitle" classname="com.crm.qa.testcases.LoginPageTest" time="0.03"/>
  <testcase name="validateloginTest" classname="com.crm.qa.testcases.LoginPageTest" time="5.201"/>
</testsuite>